<?xml version="1.0" encoding="UTF-8"?>
<testng-results skipped="0" failed="0" ignored="0" total="1" passed="1">
  <reporter-output>
  </reporter-output>
  <suite name="Suite" duration-ms="10928" started-at="2017-08-17T19:49:18Z" finished-at="2017-08-17T19:49:29Z">
    <groups>
    </groups>
    <test name="Test" duration-ms="10928" started-at="2017-08-17T19:49:18Z" finished-at="2017-08-17T19:49:29Z">
      <class name="test.MyAccountTestPage">
        <test-method status="PASS" signature="f()[pri:0, instance:test.MyAccountTestPage@59fa1d9b]" name="f" duration-ms="10861" started-at="2017-08-18T01:19:18Z" finished-at="2017-08-18T01:19:29Z">
          <reporter-output>
          </reporter-output>
        </test-method> <!-- f -->
      </class> <!-- test.MyAccountTestPage -->
    </test> <!-- Test -->
  </suite> <!-- Suite -->
</testng-results>
