<?xml version="1.0" encoding="UTF-8"?>
<testng-results skipped="0" failed="1" ignored="0" total="10" passed="9">
  <reporter-output>
    <line>
      <![CDATA[it is before TEas::]]>
    </line>
  </reporter-output>
  <suite name="Default suite" duration-ms="334" started-at="2017-08-17T04:17:01Z" finished-at="2017-08-17T04:17:02Z">
    <groups>
      <group name="sit">
        <method signature="PracTestNG.dataP(java.lang.Integer, java.lang.String, java.lang.String)[pri:0, instance:com.prac.TestNG.PracTestNG@573f2bb1]" name="dataP" class="com.prac.TestNG.PracTestNG"/>
        <method signature="PracTestNG.display()[pri:0, instance:com.prac.TestNG.PracTestNG@573f2bb1]" name="display" class="com.prac.TestNG.PracTestNG"/>
        <method signature="PracTestNG.fn()[pri:0, instance:com.prac.TestNG.PracTestNG@573f2bb1]" name="fn" class="com.prac.TestNG.PracTestNG"/>
        <method signature="PracTestNG.prm(java.lang.String)[pri:0, instance:com.prac.TestNG.PracTestNG@573f2bb1]" name="prm" class="com.prac.TestNG.PracTestNG"/>
      </group> <!-- sit -->
    </groups>
    <test name="Default test" duration-ms="334" started-at="2017-08-17T04:17:01Z" finished-at="2017-08-17T04:17:02Z">
      <class name="com.prac.TestNG.PracTestNG">
        <test-method status="PASS" signature="fg()[pri:0, instance:com.prac.TestNG.PracTestNG@573f2bb1]" name="fg" is-config="true" duration-ms="34" started-at="2017-08-17T09:47:01Z" finished-at="2017-08-17T09:47:01Z">
          <reporter-output>
          </reporter-output>
        </test-method> <!-- fg -->
        <test-method status="PASS" signature="beforeMethod()[pri:0, instance:com.prac.TestNG.PracTestNG@573f2bb1]" name="beforeMethod" is-config="true" duration-ms="33" started-at="2017-08-17T09:47:01Z" finished-at="2017-08-17T09:47:01Z">
          <reporter-output>
          </reporter-output>
        </test-method> <!-- beforeMethod -->
        <test-method status="PASS" signature="dataP(java.lang.Integer, java.lang.String, java.lang.String)[pri:0, instance:com.prac.TestNG.PracTestNG@573f2bb1]" name="dataP" duration-ms="18" started-at="2017-08-17T09:47:01Z" data-provider="dp" finished-at="2017-08-17T09:47:01Z">
          <params>
            <param index="0">
              <value>
                <![CDATA[1]]>
              </value>
            </param>
            <param index="1">
              <value>
                <![CDATA[a]]>
              </value>
            </param>
            <param index="2">
              <value>
                <![CDATA[jagseer]]>
              </value>
            </param>
          </params>
          <reporter-output>
          </reporter-output>
        </test-method> <!-- dataP -->
        <test-method status="PASS" signature="beforeMethod()[pri:0, instance:com.prac.TestNG.PracTestNG@573f2bb1]" name="beforeMethod" is-config="true" duration-ms="12" started-at="2017-08-17T09:47:01Z" finished-at="2017-08-17T09:47:01Z">
          <reporter-output>
          </reporter-output>
        </test-method> <!-- beforeMethod -->
        <test-method status="PASS" signature="dataP(java.lang.Integer, java.lang.String, java.lang.String)[pri:0, instance:com.prac.TestNG.PracTestNG@573f2bb1]" name="dataP" duration-ms="3" started-at="2017-08-17T09:47:01Z" data-provider="dp" finished-at="2017-08-17T09:47:01Z">
          <params>
            <param index="0">
              <value>
                <![CDATA[2]]>
              </value>
            </param>
            <param index="1">
              <value>
                <![CDATA[b]]>
              </value>
            </param>
            <param index="2">
              <value>
                <![CDATA[singh]]>
              </value>
            </param>
          </params>
          <reporter-output>
          </reporter-output>
        </test-method> <!-- dataP -->
        <test-method status="PASS" signature="beforeMethod()[pri:0, instance:com.prac.TestNG.PracTestNG@573f2bb1]" name="beforeMethod" is-config="true" duration-ms="1" started-at="2017-08-17T09:47:01Z" finished-at="2017-08-17T09:47:01Z">
          <reporter-output>
          </reporter-output>
        </test-method> <!-- beforeMethod -->
        <test-method status="PASS" signature="dataP(java.lang.Integer, java.lang.String, java.lang.String)[pri:0, instance:com.prac.TestNG.PracTestNG@573f2bb1]" name="dataP" duration-ms="3" started-at="2017-08-17T09:47:01Z" data-provider="dp" finished-at="2017-08-17T09:47:01Z">
          <params>
            <param index="0">
              <value>
                <![CDATA[1]]>
              </value>
            </param>
            <param index="1">
              <value>
                <![CDATA[a]]>
              </value>
            </param>
            <param index="2">
              <value>
                <![CDATA[jagseer]]>
              </value>
            </param>
          </params>
          <reporter-output>
          </reporter-output>
        </test-method> <!-- dataP -->
        <test-method status="PASS" signature="beforeMethod()[pri:0, instance:com.prac.TestNG.PracTestNG@573f2bb1]" name="beforeMethod" is-config="true" duration-ms="2" started-at="2017-08-17T09:47:01Z" finished-at="2017-08-17T09:47:01Z">
          <reporter-output>
          </reporter-output>
        </test-method> <!-- beforeMethod -->
        <test-method status="PASS" signature="dataP(java.lang.Integer, java.lang.String, java.lang.String)[pri:0, instance:com.prac.TestNG.PracTestNG@573f2bb1]" name="dataP" duration-ms="4" started-at="2017-08-17T09:47:01Z" data-provider="dp" finished-at="2017-08-17T09:47:01Z">
          <params>
            <param index="0">
              <value>
                <![CDATA[2]]>
              </value>
            </param>
            <param index="1">
              <value>
                <![CDATA[b]]>
              </value>
            </param>
            <param index="2">
              <value>
                <![CDATA[singh]]>
              </value>
            </param>
          </params>
          <reporter-output>
          </reporter-output>
        </test-method> <!-- dataP -->
        <test-method status="PASS" signature="beforeMethod()[pri:0, instance:com.prac.TestNG.PracTestNG@573f2bb1]" name="beforeMethod" is-config="true" duration-ms="1" started-at="2017-08-17T09:47:02Z" finished-at="2017-08-17T09:47:02Z">
          <reporter-output>
          </reporter-output>
        </test-method> <!-- beforeMethod -->
        <test-method status="PASS" signature="dataP(java.lang.Integer, java.lang.String, java.lang.String)[pri:0, instance:com.prac.TestNG.PracTestNG@573f2bb1]" name="dataP" duration-ms="6" started-at="2017-08-17T09:47:02Z" data-provider="dp" finished-at="2017-08-17T09:47:02Z">
          <params>
            <param index="0">
              <value>
                <![CDATA[1]]>
              </value>
            </param>
            <param index="1">
              <value>
                <![CDATA[a]]>
              </value>
            </param>
            <param index="2">
              <value>
                <![CDATA[jagseer]]>
              </value>
            </param>
          </params>
          <reporter-output>
          </reporter-output>
        </test-method> <!-- dataP -->
        <test-method status="PASS" signature="beforeMethod()[pri:0, instance:com.prac.TestNG.PracTestNG@573f2bb1]" name="beforeMethod" is-config="true" duration-ms="6" started-at="2017-08-17T09:47:02Z" finished-at="2017-08-17T09:47:02Z">
          <reporter-output>
          </reporter-output>
        </test-method> <!-- beforeMethod -->
        <test-method status="PASS" signature="dataP(java.lang.Integer, java.lang.String, java.lang.String)[pri:0, instance:com.prac.TestNG.PracTestNG@573f2bb1]" name="dataP" duration-ms="3" started-at="2017-08-17T09:47:02Z" data-provider="dp" finished-at="2017-08-17T09:47:02Z">
          <params>
            <param index="0">
              <value>
                <![CDATA[2]]>
              </value>
            </param>
            <param index="1">
              <value>
                <![CDATA[b]]>
              </value>
            </param>
            <param index="2">
              <value>
                <![CDATA[singh]]>
              </value>
            </param>
          </params>
          <reporter-output>
          </reporter-output>
        </test-method> <!-- dataP -->
        <test-method status="PASS" signature="beforeMethod()[pri:0, instance:com.prac.TestNG.PracTestNG@573f2bb1]" name="beforeMethod" is-config="true" duration-ms="2" started-at="2017-08-17T09:47:02Z" finished-at="2017-08-17T09:47:02Z">
          <reporter-output>
          </reporter-output>
        </test-method> <!-- beforeMethod -->
        <test-method status="PASS" signature="display()[pri:0, instance:com.prac.TestNG.PracTestNG@573f2bb1]" name="display" duration-ms="3" started-at="2017-08-17T09:47:02Z" finished-at="2017-08-17T09:47:02Z">
          <reporter-output>
            <line>
              <![CDATA[it is before TEas::]]>
            </line>
          </reporter-output>
        </test-method> <!-- display -->
        <test-method status="PASS" signature="beforeMethod()[pri:0, instance:com.prac.TestNG.PracTestNG@573f2bb1]" name="beforeMethod" is-config="true" duration-ms="7" started-at="2017-08-17T09:47:02Z" finished-at="2017-08-17T09:47:02Z">
          <reporter-output>
          </reporter-output>
        </test-method> <!-- beforeMethod -->
        <test-method status="PASS" signature="funCheck()[pri:0, instance:com.prac.TestNG.PracTestNG@573f2bb1]" name="funCheck" duration-ms="7" started-at="2017-08-17T09:47:02Z" finished-at="2017-08-17T09:47:02Z">
          <exception class="java.io.IOException">
            <full-stacktrace>
              <![CDATA[java.io.IOException
	at com.prac.TestNG.PracTestNG.funCheck(PracTestNG.java:43)
	at sun.reflect.NativeMethodAccessorImpl.invoke0(Native Method)
	at sun.reflect.NativeMethodAccessorImpl.invoke(Unknown Source)
	at sun.reflect.DelegatingMethodAccessorImpl.invoke(Unknown Source)
	at java.lang.reflect.Method.invoke(Unknown Source)
	at org.testng.internal.MethodInvocationHelper.invokeMethod(MethodInvocationHelper.java:108)
	at org.testng.internal.Invoker.invokeMethod(Invoker.java:661)
	at org.testng.internal.Invoker.invokeTestMethod(Invoker.java:869)
	at org.testng.internal.Invoker.invokeTestMethods(Invoker.java:1193)
	at org.testng.internal.TestMethodWorker.invokeTestMethods(TestMethodWorker.java:126)
	at org.testng.internal.TestMethodWorker.run(TestMethodWorker.java:109)
	at org.testng.TestRunner.privateRun(TestRunner.java:744)
	at org.testng.TestRunner.run(TestRunner.java:602)
	at org.testng.SuiteRunner.runTest(SuiteRunner.java:380)
	at org.testng.SuiteRunner.runSequentially(SuiteRunner.java:375)
	at org.testng.SuiteRunner.privateRun(SuiteRunner.java:340)
	at org.testng.SuiteRunner.run(SuiteRunner.java:289)
	at org.testng.SuiteRunnerWorker.runSuite(SuiteRunnerWorker.java:52)
	at org.testng.SuiteRunnerWorker.run(SuiteRunnerWorker.java:86)
	at org.testng.TestNG.runSuitesSequentially(TestNG.java:1301)
	at org.testng.TestNG.runSuitesLocally(TestNG.java:1226)
	at org.testng.TestNG.runSuites(TestNG.java:1144)
	at org.testng.TestNG.run(TestNG.java:1115)
	at org.testng.remote.AbstractRemoteTestNG.run(AbstractRemoteTestNG.java:132)
	at org.testng.remote.RemoteTestNG.initAndRun(RemoteTestNG.java:230)
	at org.testng.remote.RemoteTestNG.main(RemoteTestNG.java:76)
]]>
            </full-stacktrace>
          </exception> <!-- java.io.IOException -->
          <reporter-output>
          </reporter-output>
        </test-method> <!-- funCheck -->
        <test-method status="FAIL" signature="prm(java.lang.String)[pri:0, instance:com.prac.TestNG.PracTestNG@573f2bb1]" name="prm" duration-ms="0" started-at="2017-08-17T09:47:02Z" finished-at="2017-08-17T09:47:02Z">
          <exception class="org.testng.TestNGException">
            <message>
              <![CDATA[
Parameter 'Name' is required by @Test on method prm but has not been marked @Optional or defined
in C:\Users\Jagseer\AppData\Local\Temp\testng-eclipse--804795365\testng-customsuite.xml]]>
            </message>
            <full-stacktrace>
              <![CDATA[org.testng.TestNGException: 
Parameter 'Name' is required by @Test on method prm but has not been marked @Optional or defined
in C:\Users\Jagseer\AppData\Local\Temp\testng-eclipse--804795365\testng-customsuite.xml
	at org.testng.internal.Parameters.createParameters(Parameters.java:199)
	at org.testng.internal.Parameters.createParameters(Parameters.java:443)
	at org.testng.internal.Parameters.handleParameters(Parameters.java:569)
	at org.testng.internal.Invoker.handleParameters(Invoker.java:1308)
	at org.testng.internal.Invoker.createParameters(Invoker.java:1036)
	at org.testng.internal.Invoker.invokeTestMethods(Invoker.java:1126)
	at org.testng.internal.TestMethodWorker.invokeTestMethods(TestMethodWorker.java:126)
	at org.testng.internal.TestMethodWorker.run(TestMethodWorker.java:109)
	at org.testng.TestRunner.privateRun(TestRunner.java:744)
	at org.testng.TestRunner.run(TestRunner.java:602)
	at org.testng.SuiteRunner.runTest(SuiteRunner.java:380)
	at org.testng.SuiteRunner.runSequentially(SuiteRunner.java:375)
	at org.testng.SuiteRunner.privateRun(SuiteRunner.java:340)
	at org.testng.SuiteRunner.run(SuiteRunner.java:289)
	at org.testng.SuiteRunnerWorker.runSuite(SuiteRunnerWorker.java:52)
	at org.testng.SuiteRunnerWorker.run(SuiteRunnerWorker.java:86)
	at org.testng.TestNG.runSuitesSequentially(TestNG.java:1301)
	at org.testng.TestNG.runSuitesLocally(TestNG.java:1226)
	at org.testng.TestNG.runSuites(TestNG.java:1144)
	at org.testng.TestNG.run(TestNG.java:1115)
	at org.testng.remote.AbstractRemoteTestNG.run(AbstractRemoteTestNG.java:132)
	at org.testng.remote.RemoteTestNG.initAndRun(RemoteTestNG.java:230)
	at org.testng.remote.RemoteTestNG.main(RemoteTestNG.java:76)
]]>
            </full-stacktrace>
          </exception> <!-- org.testng.TestNGException -->
          <reporter-output>
          </reporter-output>
        </test-method> <!-- prm -->
        <test-method status="PASS" signature="beforeMethod()[pri:0, instance:com.prac.TestNG.PracTestNG@573f2bb1]" name="beforeMethod" is-config="true" duration-ms="2" started-at="2017-08-17T09:47:02Z" finished-at="2017-08-17T09:47:02Z">
          <reporter-output>
          </reporter-output>
        </test-method> <!-- beforeMethod -->
        <test-method status="PASS" signature="fn()[pri:0, instance:com.prac.TestNG.PracTestNG@573f2bb1]" name="fn" duration-ms="9" started-at="2017-08-17T09:47:02Z" depends-on-methods="com.prac.TestNG.PracTestNG.display" finished-at="2017-08-17T09:47:02Z">
          <reporter-output>
          </reporter-output>
        </test-method> <!-- fn -->
      </class> <!-- com.prac.TestNG.PracTestNG -->
    </test> <!-- Default test -->
  </suite> <!-- Default suite -->
</testng-results>
